<?xml version="1.0" encoding="UTF-8"?>
<!-- Generated by org.testng.reporters.JUnitXMLReporter -->
<testsuite hostname="DESKTOP-3R73L8V" ignored="0" name="ChromeBrowserTests" tests="4" failures="0" timestamp="2020-10-19T16:15:23 IST" time="47.291" errors="0">
  <testcase name="loginTest" time="15.248" classname="com.nopcommerce.testCases.TC_LoginTest_001"/>
  <testcase name="searchCustomerbyName" time="21.562" classname="com.nopcommerce.testCases.TC_SearchCustomerByName_005"/>
  <testcase name="searchCustomerbyEmail" time="25.228" classname="com.nopcommerce.testCases.TC_SearchCustomerByEmail_004"/>
  <testcase name="addNewCustomer" time="36.904" classname="com.nopcommerce.testCases.TC_AddCustomerTest_003"/>
</testsuite> <!-- ChromeBrowserTests -->
