<?xml version="1.0" encoding="UTF-8"?>
<!-- Generated by org.testng.reporters.JUnitXMLReporter -->
<testsuite hostname="DESKTOP-3R73L8V" ignored="3" name="nopCommerceTests" tests="2" failures="0" timestamp="2020-10-19T17:08:27 IST" time="50.59" errors="0">
  <testcase name="addNewCustomer" time="28.862" classname="com.nopcommerce.testCases.TC_AddCustomerTest_003"/>
  <testcase name="loginTest" time="6.855" classname="com.nopcommerce.testCases.TC_LoginTest_001"/>
  <testcase name="loginTest" time="0.0" classname="com.nopcommerce.testCases.TC_LoginDDT_002">
    <ignored/>
  </testcase> <!-- loginTest -->
  <testcase name="searchCustomerbyName" time="0.0" classname="com.nopcommerce.testCases.TC_SearchCustomerByName_005">
    <ignored/>
  </testcase> <!-- searchCustomerbyName -->
  <testcase name="searchCustomerbyEmail" time="0.0" classname="com.nopcommerce.testCases.TC_SearchCustomerByEmail_004">
    <ignored/>
  </testcase> <!-- searchCustomerbyEmail -->
</testsuite> <!-- nopCommerceTests -->
