<?xml version="1.0" encoding="UTF-8"?>
<!-- Generated by org.testng.reporters.JUnitXMLReporter -->
<testsuite hostname="DESKTOP-3R73L8V" ignored="0" name="nopCommerceTests" tests="4" failures="0" timestamp="2020-10-20T06:45:20 IST" time="103.092" errors="0">
  <testcase name="loginTest" time="13.401" classname="com.nopcommerce.testCases.TC_LoginTest_001"/>
  <testcase name="addNewCustomer" time="34.189" classname="com.nopcommerce.testCases.TC_AddCustomerTest_003"/>
  <testcase name="searchCustomerbyEmail" time="11.957" classname="com.nopcommerce.testCases.TC_SearchCustomerByEmail_004"/>
  <testcase name="searchCustomerbyName" time="14.525" classname="com.nopcommerce.testCases.TC_SearchCustomerByName_005"/>
</testsuite> <!-- nopCommerceTests -->
