<?xml version="1.0" encoding="UTF-8"?>
<!-- Generated by org.testng.reporters.JUnitXMLReporter -->
<testsuite hostname="DESKTOP-3R73L8V" ignored="0" name="nopCommerceTests" tests="8" failures="0" timestamp="2020-10-20T06:59:00 IST" time="130.894" errors="0">
  <testcase name="addNewCustomer" time="32.095" classname="com.nopcommerce.testCases.TC_AddCustomerTest_003"/>
  <testcase name="loginTestDDt" time="17.371" classname="com.nopcommerce.testCases.TC_LoginDDT_002"/>
  <testcase name="loginTestDDt" time="1.946" classname="com.nopcommerce.testCases.TC_LoginDDT_002"/>
  <testcase name="loginTestDDt" time="1.968" classname="com.nopcommerce.testCases.TC_LoginDDT_002"/>
  <testcase name="loginTestDDt" time="1.931" classname="com.nopcommerce.testCases.TC_LoginDDT_002"/>
  <testcase name="loginTest" time="10.538" classname="com.nopcommerce.testCases.TC_LoginTest_001"/>
  <testcase name="searchCustomerbyEmail" time="14.192" classname="com.nopcommerce.testCases.TC_SearchCustomerByEmail_004"/>
  <testcase name="searchCustomerbyName" time="15.342" classname="com.nopcommerce.testCases.TC_SearchCustomerByName_005"/>
</testsuite> <!-- nopCommerceTests -->
